<?xml version="1.0" encoding="UTF-8"?>
<!-- Generated by org.testng.reporters.JUnitReportReporter -->
<testsuite hostname="DESKTOP-TBSD3T7" failures="0" tests="2" name="com.hpdlendscape.DemoTest" time="34.847" errors="0" timestamp="2021-05-17T23:30:01 BST" skipped="0">
  <testcase classname="com.hpdlendscape.DemoTest" name="flightTest" time="13.527"/>
  <system-out/>
  <testcase classname="com.hpdlendscape.DemoTest" name="flightTest" time="21.320"/>
  <system-out/>
</testsuite> <!-- com.hpdlendscape.DemoTest -->
